{"/Users/Miriam/development/wdi-project-2/index.js":{"path":"/Users/Miriam/development/wdi-project-2/index.js","s":{"1":1,"2":1,"3":1,"4":1,"5":1,"6":1,"7":1,"8":1,"9":1,"10":1,"11":1,"12":1,"13":1,"14":1,"15":1,"16":1,"17":1,"18":1,"19":1,"20":1,"21":1,"22":0,"23":0,"24":0,"25":1,"26":0,"27":0,"28":0,"29":1,"30":0,"31":0,"32":1,"33":0,"34":0,"35":1,"36":0,"37":0,"38":0,"39":0,"40":0,"41":0,"42":0,"43":0,"44":0,"45":0,"46":0,"47":0,"48":0,"49":0,"50":1,"51":1,"52":0,"53":1},"b":{"1":[0,0],"2":[0,0],"3":[0,0],"4":[0,0],"5":[0,0]},"f":{"1":0,"2":0,"3":0,"4":0,"5":0,"6":0,"7":0},"fnMap":{"1":{"name":"jwtErrorHandler","line":35,"loc":{"start":{"line":35,"column":0},"end":{"line":35,"column":45}}},"2":{"name":"(anonymous_2)","line":42,"loc":{"start":{"line":42,"column":19},"end":{"line":42,"column":39}}},"3":{"name":"(anonymous_3)","line":47,"loc":{"start":{"line":47,"column":13},"end":{"line":47,"column":46}}},"4":{"name":"(anonymous_4)","line":55,"loc":{"start":{"line":55,"column":20},"end":{"line":55,"column":40}}},"5":{"name":"(anonymous_5)","line":61,"loc":{"start":{"line":61,"column":13},"end":{"line":61,"column":33}}},"6":{"name":"(anonymous_6)","line":97,"loc":{"start":{"line":97,"column":18},"end":{"line":97,"column":38}}},"7":{"name":"(anonymous_7)","line":102,"loc":{"start":{"line":102,"column":11},"end":{"line":102,"column":47}}}},"statementMap":{"1":{"start":{"line":1,"column":0},"end":{"line":1,"column":35}},"2":{"start":{"line":2,"column":0},"end":{"line":2,"column":35}},"3":{"start":{"line":3,"column":0},"end":{"line":3,"column":30}},"4":{"start":{"line":4,"column":0},"end":{"line":4,"column":32}},"5":{"start":{"line":6,"column":0},"end":{"line":6,"column":37}},"6":{"start":{"line":7,"column":0},"end":{"line":7,"column":42}},"7":{"start":{"line":8,"column":0},"end":{"line":8,"column":35}},"8":{"start":{"line":9,"column":0},"end":{"line":9,"column":39}},"9":{"start":{"line":10,"column":0},"end":{"line":10,"column":42}},"10":{"start":{"line":12,"column":0},"end":{"line":12,"column":22}},"11":{"start":{"line":14,"column":0},"end":{"line":14,"column":46}},"12":{"start":{"line":15,"column":0},"end":{"line":15,"column":49}},"13":{"start":{"line":18,"column":0},"end":{"line":18,"column":28}},"14":{"start":{"line":19,"column":0},"end":{"line":19,"column":23}},"15":{"start":{"line":20,"column":0},"end":{"line":20,"column":27}},"16":{"start":{"line":21,"column":0},"end":{"line":21,"column":51}},"17":{"start":{"line":22,"column":0},"end":{"line":22,"column":16}},"18":{"start":{"line":23,"column":0},"end":{"line":23,"column":58}},"19":{"start":{"line":26,"column":0},"end":{"line":32,"column":6}},"20":{"start":{"line":33,"column":0},"end":{"line":33,"column":25}},"21":{"start":{"line":35,"column":0},"end":{"line":38,"column":1}},"22":{"start":{"line":36,"column":2},"end":{"line":36,"column":54}},"23":{"start":{"line":36,"column":40},"end":{"line":36,"column":54}},"24":{"start":{"line":37,"column":2},"end":{"line":37,"column":68}},"25":{"start":{"line":42,"column":0},"end":{"line":53,"column":3}},"26":{"start":{"line":44,"column":4},"end":{"line":52,"column":7}},"27":{"start":{"line":49,"column":12},"end":{"line":51,"column":13}},"28":{"start":{"line":50,"column":16},"end":{"line":50,"column":31}},"29":{"start":{"line":55,"column":0},"end":{"line":58,"column":3}},"30":{"start":{"line":56,"column":4},"end":{"line":56,"column":68}},"31":{"start":{"line":57,"column":2},"end":{"line":57,"column":16}},"32":{"start":{"line":61,"column":0},"end":{"line":64,"column":3}},"33":{"start":{"line":62,"column":4},"end":{"line":62,"column":53}},"34":{"start":{"line":63,"column":2},"end":{"line":63,"column":17}},"35":{"start":{"line":97,"column":0},"end":{"line":130,"column":3}},"36":{"start":{"line":99,"column":2},"end":{"line":129,"column":5}},"37":{"start":{"line":104,"column":10},"end":{"line":128,"column":11}},"38":{"start":{"line":105,"column":12},"end":{"line":105,"column":28}},"39":{"start":{"line":107,"column":12},"end":{"line":126,"column":13}},"40":{"start":{"line":108,"column":16},"end":{"line":108,"column":30}},"41":{"start":{"line":109,"column":16},"end":{"line":109,"column":51}},"42":{"start":{"line":110,"column":16},"end":{"line":110,"column":41}},"43":{"start":{"line":111,"column":16},"end":{"line":111,"column":43}},"44":{"start":{"line":112,"column":16},"end":{"line":112,"column":43}},"45":{"start":{"line":115,"column":16},"end":{"line":115,"column":66}},"46":{"start":{"line":116,"column":16},"end":{"line":123,"column":17}},"47":{"start":{"line":117,"column":20},"end":{"line":117,"column":66}},"48":{"start":{"line":125,"column":16},"end":{"line":125,"column":33}},"49":{"start":{"line":127,"column":12},"end":{"line":127,"column":29}},"50":{"start":{"line":133,"column":0},"end":{"line":133,"column":27}},"51":{"start":{"line":135,"column":0},"end":{"line":135,"column":86}},"52":{"start":{"line":135,"column":30},"end":{"line":135,"column":84}},"53":{"start":{"line":137,"column":0},"end":{"line":137,"column":21}}},"branchMap":{"1":{"line":36,"type":"if","locations":[{"start":{"line":36,"column":2},"end":{"line":36,"column":2}},{"start":{"line":36,"column":2},"end":{"line":36,"column":2}}]},"2":{"line":49,"type":"if","locations":[{"start":{"line":49,"column":12},"end":{"line":49,"column":12}},{"start":{"line":49,"column":12},"end":{"line":49,"column":12}}]},"3":{"line":49,"type":"binary-expr","locations":[{"start":{"line":49,"column":16},"end":{"line":49,"column":22}},{"start":{"line":49,"column":26},"end":{"line":49,"column":53}}]},"4":{"line":104,"type":"if","locations":[{"start":{"line":104,"column":10},"end":{"line":104,"column":10}},{"start":{"line":104,"column":10},"end":{"line":104,"column":10}}]},"5":{"line":104,"type":"binary-expr","locations":[{"start":{"line":104,"column":14},"end":{"line":104,"column":20}},{"start":{"line":104,"column":24},"end":{"line":104,"column":51}}]}}},"/Users/Miriam/development/wdi-project-2/config/config.js":{"path":"/Users/Miriam/development/wdi-project-2/config/config.js","s":{"1":1},"b":{"1":[1,1],"2":[1,1],"3":[1,1]},"f":{},"fnMap":{},"statementMap":{"1":{"start":{"line":1,"column":0},"end":{"line":5,"column":2}}},"branchMap":{"1":{"line":2,"type":"binary-expr","locations":[{"start":{"line":2,"column":8},"end":{"line":2,"column":24}},{"start":{"line":2,"column":28},"end":{"line":2,"column":32}}]},"2":{"line":3,"type":"binary-expr","locations":[{"start":{"line":3,"column":6},"end":{"line":3,"column":29}},{"start":{"line":3,"column":33},"end":{"line":3,"column":83}}]},"3":{"line":4,"type":"binary-expr","locations":[{"start":{"line":4,"column":10},"end":{"line":4,"column":28}},{"start":{"line":4,"column":32},"end":{"line":4,"column":67}}]}}},"/Users/Miriam/development/wdi-project-2/config/apiRoutes.js":{"path":"/Users/Miriam/development/wdi-project-2/config/apiRoutes.js","s":{"1":1,"2":1,"3":1,"4":1,"5":1,"6":1,"7":1,"8":1,"9":1},"b":{},"f":{},"fnMap":{},"statementMap":{"1":{"start":{"line":1,"column":0},"end":{"line":1,"column":36}},"2":{"start":{"line":2,"column":0},"end":{"line":2,"column":34}},"3":{"start":{"line":5,"column":0},"end":{"line":5,"column":66}},"4":{"start":{"line":6,"column":0},"end":{"line":6,"column":56}},"5":{"start":{"line":8,"column":0},"end":{"line":9,"column":34}},"6":{"start":{"line":10,"column":0},"end":{"line":11,"column":31}},"7":{"start":{"line":13,"column":0},"end":{"line":14,"column":20}},"8":{"start":{"line":15,"column":0},"end":{"line":18,"column":24}},"9":{"start":{"line":20,"column":0},"end":{"line":20,"column":24}}},"branchMap":{}},"/Users/Miriam/development/wdi-project-2/controllers/authentications.js":{"path":"/Users/Miriam/development/wdi-project-2/controllers/authentications.js","s":{"1":1,"2":1,"3":1,"4":1,"5":1,"6":2,"7":2,"8":1,"9":1,"10":1,"11":1,"12":2,"13":2,"14":1,"15":1,"16":0,"17":1,"18":1},"b":{"1":[1,1],"2":[1,1],"3":[2,2],"4":[0,1]},"f":{"1":2,"2":2},"fnMap":{"1":{"name":"authenticationsRegister","line":10,"loc":{"start":{"line":10,"column":0},"end":{"line":10,"column":42}}},"2":{"name":"authenticationsLogin","line":24,"loc":{"start":{"line":24,"column":0},"end":{"line":24,"column":39}}}},"statementMap":{"1":{"start":{"line":1,"column":0},"end":{"line":4,"column":2}},"2":{"start":{"line":6,"column":0},"end":{"line":6,"column":41}},"3":{"start":{"line":7,"column":0},"end":{"line":7,"column":39}},"4":{"start":{"line":8,"column":0},"end":{"line":8,"column":43}},"5":{"start":{"line":10,"column":0},"end":{"line":22,"column":1}},"6":{"start":{"line":11,"column":2},"end":{"line":21,"column":5}},"7":{"start":{"line":12,"column":4},"end":{"line":12,"column":79}},"8":{"start":{"line":12,"column":13},"end":{"line":12,"column":79}},"9":{"start":{"line":14,"column":4},"end":{"line":14,"column":75}},"10":{"start":{"line":16,"column":4},"end":{"line":20,"column":7}},"11":{"start":{"line":24,"column":0},"end":{"line":39,"column":1}},"12":{"start":{"line":25,"column":2},"end":{"line":38,"column":5}},"13":{"start":{"line":26,"column":4},"end":{"line":28,"column":5}},"14":{"start":{"line":27,"column":6},"end":{"line":27,"column":64}},"15":{"start":{"line":29,"column":4},"end":{"line":29,"column":79}},"16":{"start":{"line":29,"column":13},"end":{"line":29,"column":79}},"17":{"start":{"line":31,"column":4},"end":{"line":31,"column":75}},"18":{"start":{"line":33,"column":4},"end":{"line":37,"column":7}}},"branchMap":{"1":{"line":12,"type":"if","locations":[{"start":{"line":12,"column":4},"end":{"line":12,"column":4}},{"start":{"line":12,"column":4},"end":{"line":12,"column":4}}]},"2":{"line":26,"type":"if","locations":[{"start":{"line":26,"column":4},"end":{"line":26,"column":4}},{"start":{"line":26,"column":4},"end":{"line":26,"column":4}}]},"3":{"line":26,"type":"binary-expr","locations":[{"start":{"line":26,"column":8},"end":{"line":26,"column":13}},{"start":{"line":26,"column":17},"end":{"line":26,"column":58}}]},"4":{"line":29,"type":"if","locations":[{"start":{"line":29,"column":4},"end":{"line":29,"column":4}},{"start":{"line":29,"column":4},"end":{"line":29,"column":4}}]}}},"/Users/Miriam/development/wdi-project-2/models/user.js":{"path":"/Users/Miriam/development/wdi-project-2/models/user.js","s":{"1":1,"2":1,"3":1,"4":1,"5":1,"6":1,"7":1,"8":1,"9":1,"10":1,"11":2,"12":2,"13":2,"14":2,"15":1,"16":1,"17":3,"18":3,"19":1,"20":3,"21":1,"22":3,"23":3,"24":0,"25":3,"26":0,"27":3,"28":0,"29":1,"30":3,"31":0,"32":1,"33":2},"b":{"1":[3,0],"2":[0,3],"3":[0,3],"4":[0,3],"5":[0,3]},"f":{"1":2,"2":3,"3":3,"4":3,"5":3,"6":2},"fnMap":{"1":{"name":"(anonymous_1)","line":30,"loc":{"start":{"line":30,"column":13},"end":{"line":30,"column":32}}},"2":{"name":"setPassword","line":40,"loc":{"start":{"line":40,"column":0},"end":{"line":40,"column":27}}},"3":{"name":"setPasswordConfirmation","line":45,"loc":{"start":{"line":45,"column":0},"end":{"line":45,"column":55}}},"4":{"name":"validatePasswordHash","line":49,"loc":{"start":{"line":49,"column":0},"end":{"line":49,"column":32}}},"5":{"name":"validateEmail","line":65,"loc":{"start":{"line":65,"column":0},"end":{"line":65,"column":30}}},"6":{"name":"validatePassword","line":71,"loc":{"start":{"line":71,"column":0},"end":{"line":71,"column":35}}}},"statementMap":{"1":{"start":{"line":1,"column":0},"end":{"line":1,"column":38}},"2":{"start":{"line":2,"column":0},"end":{"line":2,"column":36}},"3":{"start":{"line":3,"column":0},"end":{"line":3,"column":39}},"4":{"start":{"line":5,"column":0},"end":{"line":9,"column":3}},"5":{"start":{"line":11,"column":0},"end":{"line":13,"column":20}},"6":{"start":{"line":15,"column":0},"end":{"line":17,"column":32}},"7":{"start":{"line":19,"column":0},"end":{"line":21,"column":34}},"8":{"start":{"line":23,"column":0},"end":{"line":25,"column":27}},"9":{"start":{"line":27,"column":0},"end":{"line":27,"column":55}},"10":{"start":{"line":29,"column":0},"end":{"line":36,"column":3}},"11":{"start":{"line":31,"column":4},"end":{"line":31,"column":28}},"12":{"start":{"line":32,"column":4},"end":{"line":32,"column":21}},"13":{"start":{"line":33,"column":4},"end":{"line":33,"column":19}},"14":{"start":{"line":34,"column":4},"end":{"line":34,"column":15}},"15":{"start":{"line":38,"column":0},"end":{"line":38,"column":52}},"16":{"start":{"line":40,"column":0},"end":{"line":43,"column":1}},"17":{"start":{"line":41,"column":2},"end":{"line":41,"column":28}},"18":{"start":{"line":42,"column":2},"end":{"line":42,"column":68}},"19":{"start":{"line":45,"column":0},"end":{"line":47,"column":1}},"20":{"start":{"line":46,"column":2},"end":{"line":46,"column":52}},"21":{"start":{"line":49,"column":0},"end":{"line":63,"column":1}},"22":{"start":{"line":50,"column":2},"end":{"line":62,"column":3}},"23":{"start":{"line":51,"column":4},"end":{"line":53,"column":5}},"24":{"start":{"line":52,"column":6},"end":{"line":52,"column":68}},"25":{"start":{"line":55,"column":4},"end":{"line":57,"column":5}},"26":{"start":{"line":56,"column":6},"end":{"line":56,"column":68}},"27":{"start":{"line":59,"column":4},"end":{"line":61,"column":5}},"28":{"start":{"line":60,"column":6},"end":{"line":60,"column":80}},"29":{"start":{"line":65,"column":0},"end":{"line":69,"column":1}},"30":{"start":{"line":66,"column":2},"end":{"line":68,"column":3}},"31":{"start":{"line":67,"column":4},"end":{"line":67,"column":69}},"32":{"start":{"line":71,"column":0},"end":{"line":73,"column":1}},"33":{"start":{"line":72,"column":2},"end":{"line":72,"column":57}}},"branchMap":{"1":{"line":50,"type":"if","locations":[{"start":{"line":50,"column":2},"end":{"line":50,"column":2}},{"start":{"line":50,"column":2},"end":{"line":50,"column":2}}]},"2":{"line":51,"type":"if","locations":[{"start":{"line":51,"column":4},"end":{"line":51,"column":4}},{"start":{"line":51,"column":4},"end":{"line":51,"column":4}}]},"3":{"line":55,"type":"if","locations":[{"start":{"line":55,"column":4},"end":{"line":55,"column":4}},{"start":{"line":55,"column":4},"end":{"line":55,"column":4}}]},"4":{"line":59,"type":"if","locations":[{"start":{"line":59,"column":4},"end":{"line":59,"column":4}},{"start":{"line":59,"column":4},"end":{"line":59,"column":4}}]},"5":{"line":66,"type":"if","locations":[{"start":{"line":66,"column":2},"end":{"line":66,"column":2}},{"start":{"line":66,"column":2},"end":{"line":66,"column":2}}]}}},"/Users/Miriam/development/wdi-project-2/controllers/users.js":{"path":"/Users/Miriam/development/wdi-project-2/controllers/users.js","s":{"1":1,"2":1,"3":1,"4":0,"5":0,"6":0,"7":0,"8":1,"9":0,"10":0,"11":0,"12":0,"13":0,"14":0,"15":1,"16":0,"17":0,"18":0,"19":0,"20":0,"21":0,"22":1,"23":0,"24":0,"25":0,"26":0,"27":0,"28":0},"b":{"1":[0,0],"2":[0,0],"3":[0,0],"4":[0,0],"5":[0,0],"6":[0,0],"7":[0,0]},"f":{"1":0,"2":0,"3":0,"4":0},"fnMap":{"1":{"name":"usersIndex","line":12,"loc":{"start":{"line":12,"column":0},"end":{"line":12,"column":30}}},"2":{"name":"usersShow","line":19,"loc":{"start":{"line":19,"column":0},"end":{"line":19,"column":29}}},"3":{"name":"usersUpdate","line":27,"loc":{"start":{"line":27,"column":0},"end":{"line":27,"column":31}}},"4":{"name":"usersDelete","line":35,"loc":{"start":{"line":35,"column":0},"end":{"line":35,"column":31}}}},"statementMap":{"1":{"start":{"line":3,"column":0},"end":{"line":8,"column":2}},"2":{"start":{"line":10,"column":0},"end":{"line":10,"column":39}},"3":{"start":{"line":12,"column":0},"end":{"line":17,"column":1}},"4":{"start":{"line":13,"column":2},"end":{"line":16,"column":5}},"5":{"start":{"line":14,"column":4},"end":{"line":14,"column":79}},"6":{"start":{"line":14,"column":13},"end":{"line":14,"column":79}},"7":{"start":{"line":15,"column":4},"end":{"line":15,"column":43}},"8":{"start":{"line":19,"column":0},"end":{"line":25,"column":1}},"9":{"start":{"line":20,"column":2},"end":{"line":24,"column":5}},"10":{"start":{"line":21,"column":4},"end":{"line":21,"column":79}},"11":{"start":{"line":21,"column":13},"end":{"line":21,"column":79}},"12":{"start":{"line":22,"column":4},"end":{"line":22,"column":75}},"13":{"start":{"line":22,"column":15},"end":{"line":22,"column":75}},"14":{"start":{"line":23,"column":4},"end":{"line":23,"column":42}},"15":{"start":{"line":27,"column":0},"end":{"line":33,"column":1}},"16":{"start":{"line":28,"column":2},"end":{"line":32,"column":5}},"17":{"start":{"line":29,"column":4},"end":{"line":29,"column":79}},"18":{"start":{"line":29,"column":13},"end":{"line":29,"column":79}},"19":{"start":{"line":30,"column":4},"end":{"line":30,"column":75}},"20":{"start":{"line":30,"column":15},"end":{"line":30,"column":75}},"21":{"start":{"line":31,"column":4},"end":{"line":31,"column":42}},"22":{"start":{"line":35,"column":0},"end":{"line":41,"column":1}},"23":{"start":{"line":36,"column":2},"end":{"line":40,"column":5}},"24":{"start":{"line":37,"column":4},"end":{"line":37,"column":79}},"25":{"start":{"line":37,"column":13},"end":{"line":37,"column":79}},"26":{"start":{"line":38,"column":4},"end":{"line":38,"column":75}},"27":{"start":{"line":38,"column":15},"end":{"line":38,"column":75}},"28":{"start":{"line":39,"column":4},"end":{"line":39,"column":34}}},"branchMap":{"1":{"line":14,"type":"if","locations":[{"start":{"line":14,"column":4},"end":{"line":14,"column":4}},{"start":{"line":14,"column":4},"end":{"line":14,"column":4}}]},"2":{"line":21,"type":"if","locations":[{"start":{"line":21,"column":4},"end":{"line":21,"column":4}},{"start":{"line":21,"column":4},"end":{"line":21,"column":4}}]},"3":{"line":22,"type":"if","locations":[{"start":{"line":22,"column":4},"end":{"line":22,"column":4}},{"start":{"line":22,"column":4},"end":{"line":22,"column":4}}]},"4":{"line":29,"type":"if","locations":[{"start":{"line":29,"column":4},"end":{"line":29,"column":4}},{"start":{"line":29,"column":4},"end":{"line":29,"column":4}}]},"5":{"line":30,"type":"if","locations":[{"start":{"line":30,"column":4},"end":{"line":30,"column":4}},{"start":{"line":30,"column":4},"end":{"line":30,"column":4}}]},"6":{"line":37,"type":"if","locations":[{"start":{"line":37,"column":4},"end":{"line":37,"column":4}},{"start":{"line":37,"column":4},"end":{"line":37,"column":4}}]},"7":{"line":38,"type":"if","locations":[{"start":{"line":38,"column":4},"end":{"line":38,"column":4}},{"start":{"line":38,"column":4},"end":{"line":38,"column":4}}]}}}}