TN:
SF:/Users/Miriam/development/wdi-project-2/index.js
FN:35,jwtErrorHandler
FN:42,(anonymous_2)
FN:47,(anonymous_3)
FN:55,(anonymous_4)
FN:61,(anonymous_5)
FN:97,(anonymous_6)
FN:102,(anonymous_7)
FNF:7
FNH:0
FNDA:0,jwtErrorHandler
FNDA:0,(anonymous_2)
FNDA:0,(anonymous_3)
FNDA:0,(anonymous_4)
FNDA:0,(anonymous_5)
FNDA:0,(anonymous_6)
FNDA:0,(anonymous_7)
DA:1,1
DA:2,1
DA:3,1
DA:4,1
DA:6,1
DA:7,1
DA:8,1
DA:9,1
DA:10,1
DA:12,1
DA:14,1
DA:15,1
DA:18,1
DA:19,1
DA:20,1
DA:21,1
DA:22,1
DA:23,1
DA:26,1
DA:33,1
DA:35,1
DA:36,0
DA:37,0
DA:42,1
DA:44,0
DA:49,0
DA:50,0
DA:55,1
DA:56,0
DA:57,0
DA:61,1
DA:62,0
DA:63,0
DA:97,1
DA:99,0
DA:104,0
DA:105,0
DA:107,0
DA:108,0
DA:109,0
DA:110,0
DA:111,0
DA:112,0
DA:115,0
DA:116,0
DA:117,0
DA:125,0
DA:127,0
DA:133,1
DA:135,1
DA:137,1
LF:51
LH:28
BRDA:36,1,0,0
BRDA:36,1,1,0
BRDA:49,2,0,0
BRDA:49,2,1,0
BRDA:49,3,0,0
BRDA:49,3,1,0
BRDA:104,4,0,0
BRDA:104,4,1,0
BRDA:104,5,0,0
BRDA:104,5,1,0
BRF:10
BRH:0
end_of_record
TN:
SF:/Users/Miriam/development/wdi-project-2/config/config.js
FNF:0
FNH:0
DA:1,1
LF:1
LH:1
BRDA:2,1,0,1
BRDA:2,1,1,1
BRDA:3,2,0,1
BRDA:3,2,1,1
BRDA:4,3,0,1
BRDA:4,3,1,1
BRF:6
BRH:6
end_of_record
TN:
SF:/Users/Miriam/development/wdi-project-2/config/apiRoutes.js
FNF:0
FNH:0
DA:1,1
DA:2,1
DA:5,1
DA:6,1
DA:8,1
DA:10,1
DA:13,1
DA:15,1
DA:20,1
LF:9
LH:9
BRF:0
BRH:0
end_of_record
TN:
SF:/Users/Miriam/development/wdi-project-2/controllers/authentications.js
FN:10,authenticationsRegister
FN:24,authenticationsLogin
FNF:2
FNH:2
FNDA:2,authenticationsRegister
FNDA:2,authenticationsLogin
DA:1,1
DA:6,1
DA:7,1
DA:8,1
DA:10,1
DA:11,2
DA:12,2
DA:14,1
DA:16,1
DA:24,1
DA:25,2
DA:26,2
DA:27,1
DA:29,1
DA:31,1
DA:33,1
LF:16
LH:16
BRDA:12,1,0,1
BRDA:12,1,1,1
BRDA:26,2,0,1
BRDA:26,2,1,1
BRDA:26,3,0,2
BRDA:26,3,1,2
BRDA:29,4,0,0
BRDA:29,4,1,1
BRF:8
BRH:7
end_of_record
TN:
SF:/Users/Miriam/development/wdi-project-2/models/user.js
FN:30,(anonymous_1)
FN:40,setPassword
FN:45,setPasswordConfirmation
FN:49,validatePasswordHash
FN:65,validateEmail
FN:71,validatePassword
FNF:6
FNH:6
FNDA:2,(anonymous_1)
FNDA:3,setPassword
FNDA:3,setPasswordConfirmation
FNDA:3,validatePasswordHash
FNDA:3,validateEmail
FNDA:2,validatePassword
DA:1,1
DA:2,1
DA:3,1
DA:5,1
DA:11,1
DA:15,1
DA:19,1
DA:23,1
DA:27,1
DA:29,1
DA:31,2
DA:32,2
DA:33,2
DA:34,2
DA:38,1
DA:40,1
DA:41,3
DA:42,3
DA:45,1
DA:46,3
DA:49,1
DA:50,3
DA:51,3
DA:52,0
DA:55,3
DA:56,0
DA:59,3
DA:60,0
DA:65,1
DA:66,3
DA:67,0
DA:71,1
DA:72,2
LF:33
LH:29
BRDA:50,1,0,3
BRDA:50,1,1,0
BRDA:51,2,0,0
BRDA:51,2,1,3
BRDA:55,3,0,0
BRDA:55,3,1,3
BRDA:59,4,0,0
BRDA:59,4,1,3
BRDA:66,5,0,0
BRDA:66,5,1,3
BRF:10
BRH:5
end_of_record
TN:
SF:/Users/Miriam/development/wdi-project-2/controllers/users.js
FN:12,usersIndex
FN:19,usersShow
FN:27,usersUpdate
FN:35,usersDelete
FNF:4
FNH:0
FNDA:0,usersIndex
FNDA:0,usersShow
FNDA:0,usersUpdate
FNDA:0,usersDelete
DA:3,1
DA:10,1
DA:12,1
DA:13,0
DA:14,0
DA:15,0
DA:19,1
DA:20,0
DA:21,0
DA:22,0
DA:23,0
DA:27,1
DA:28,0
DA:29,0
DA:30,0
DA:31,0
DA:35,1
DA:36,0
DA:37,0
DA:38,0
DA:39,0
LF:21
LH:6
BRDA:14,1,0,0
BRDA:14,1,1,0
BRDA:21,2,0,0
BRDA:21,2,1,0
BRDA:22,3,0,0
BRDA:22,3,1,0
BRDA:29,4,0,0
BRDA:29,4,1,0
BRDA:30,5,0,0
BRDA:30,5,1,0
BRDA:37,6,0,0
BRDA:37,6,1,0
BRDA:38,7,0,0
BRDA:38,7,1,0
BRF:14
BRH:0
end_of_record
